<?xml version="1.0" encoding="UTF-8"?>
<testng-results ignored="0" total="3" passed="3" failed="0" skipped="0">
  <reporter-output>
  </reporter-output>
  <suite started-at="2024-01-27T12:03:22 IST" name="SanitySuite" finished-at="2024-01-27T12:04:09 IST" duration-ms="46925">
    <groups>
    </groups>
    <test started-at="2024-01-27T12:03:22 IST" name="Chrome" finished-at="2024-01-27T12:04:09 IST" duration-ms="46925">
      <class name="demoBanking.testCases.LoginTC_001">
        <test-method is-config="true" signature="initialize()[pri:0, instance:demoBanking.testCases.LoginTC_001@8f2ef19]" started-at="2024-01-27T12:03:22 IST" name="initialize" finished-at="2024-01-27T12:03:22 IST" duration-ms="236" status="PASS">
          <reporter-output>
          </reporter-output>
        </test-method> <!-- initialize -->
        <test-method is-config="true" signature="setup(java.lang.String)[pri:0, instance:demoBanking.testCases.LoginTC_001@8f2ef19]" started-at="2024-01-27T12:03:22 IST" name="setup" finished-at="2024-01-27T12:03:25 IST" duration-ms="3428" status="PASS">
          <params>
            <param index="0">
              <value>
                <![CDATA[Chrome]]>
              </value>
            </param>
          </params>
          <reporter-output>
          </reporter-output>
        </test-method> <!-- setup -->
        <test-method is-config="true" signature="methodSetup(java.lang.reflect.Method)[pri:0, instance:demoBanking.testCases.LoginTC_001@8f2ef19]" started-at="2024-01-27T12:03:26 IST" name="methodSetup" finished-at="2024-01-27T12:03:47 IST" duration-ms="21049" status="PASS">
          <params>
            <param index="0">
              <value>
                <![CDATA[public void demoBanking.testCases.LoginTC_001.Login_page()]]>
              </value>
            </param>
          </params>
          <reporter-output>
          </reporter-output>
        </test-method> <!-- methodSetup -->
        <test-method signature="Login_page()[pri:0, instance:demoBanking.testCases.LoginTC_001@8f2ef19]" started-at="2024-01-27T12:03:47 IST" name="Login_page" finished-at="2024-01-27T12:03:52 IST" duration-ms="5021" status="PASS">
          <reporter-output>
          </reporter-output>
        </test-method> <!-- Login_page -->
        <test-method is-config="true" signature="tearDown(org.testng.ITestResult)[pri:0, instance:demoBanking.testCases.LoginTC_001@8f2ef19]" started-at="2024-01-27T12:03:52 IST" name="tearDown" finished-at="2024-01-27T12:03:54 IST" duration-ms="2262" status="PASS">
          <params>
            <param index="0">
              <value>
                <![CDATA[[TestResult name=Login_page status=SUCCESS method=LoginTC_001.Login_page()[pri:0, instance:demoBanking.testCases.LoginTC_001@8f2ef19] output={null}]]]>
              </value>
            </param>
          </params>
          <reporter-output>
          </reporter-output>
        </test-method> <!-- tearDown -->
        <test-method is-config="true" signature="methodSetup(java.lang.reflect.Method)[pri:0, instance:demoBanking.testCases.LoginTC_001@8f2ef19]" started-at="2024-01-27T12:03:54 IST" name="methodSetup" finished-at="2024-01-27T12:03:56 IST" duration-ms="1927" status="PASS">
          <params>
            <param index="0">
              <value>
                <![CDATA[public void demoBanking.testCases.LoginTC_001.dummy()]]>
              </value>
            </param>
          </params>
          <reporter-output>
          </reporter-output>
        </test-method> <!-- methodSetup -->
        <test-method signature="dummy()[pri:0, instance:demoBanking.testCases.LoginTC_001@8f2ef19]" started-at="2024-01-27T12:03:56 IST" name="dummy" finished-at="2024-01-27T12:03:58 IST" duration-ms="2192" status="PASS">
          <reporter-output>
          </reporter-output>
        </test-method> <!-- dummy -->
        <test-method is-config="true" signature="tearDown(org.testng.ITestResult)[pri:0, instance:demoBanking.testCases.LoginTC_001@8f2ef19]" started-at="2024-01-27T12:03:58 IST" name="tearDown" finished-at="2024-01-27T12:03:59 IST" duration-ms="595" status="PASS">
          <params>
            <param index="0">
              <value>
                <![CDATA[[TestResult name=dummy status=SUCCESS method=LoginTC_001.dummy()[pri:0, instance:demoBanking.testCases.LoginTC_001@8f2ef19] output={null}]]]>
              </value>
            </param>
          </params>
          <reporter-output>
          </reporter-output>
        </test-method> <!-- tearDown -->
        <test-method is-config="true" signature="testComplete()[pri:0, instance:demoBanking.testCases.LoginTC_001@8f2ef19]" started-at="2024-01-27T12:04:08 IST" name="testComplete" finished-at="2024-01-27T12:04:09 IST" duration-ms="641" status="PASS">
          <reporter-output>
          </reporter-output>
        </test-method> <!-- testComplete -->
        <test-method is-config="true" signature="suiteComplete()[pri:0, instance:demoBanking.testCases.LoginTC_001@8f2ef19]" started-at="2024-01-27T12:04:09 IST" name="suiteComplete" finished-at="2024-01-27T12:04:10 IST" duration-ms="799" status="PASS">
          <reporter-output>
          </reporter-output>
        </test-method> <!-- suiteComplete -->
      </class> <!-- demoBanking.testCases.LoginTC_001 -->
      <class name="demoBanking.testCases.HomePageTC_002">
        <test-method is-config="true" signature="methodSetup(java.lang.reflect.Method)[pri:0, instance:demoBanking.testCases.HomePageTC_002@76b1e9b8]" started-at="2024-01-27T12:03:59 IST" name="methodSetup" finished-at="2024-01-27T12:04:02 IST" duration-ms="2949" status="PASS">
          <params>
            <param index="0">
              <value>
                <![CDATA[public void demoBanking.testCases.HomePageTC_002.Home_page()]]>
              </value>
            </param>
          </params>
          <reporter-output>
          </reporter-output>
        </test-method> <!-- methodSetup -->
        <test-method signature="Home_page()[pri:0, instance:demoBanking.testCases.HomePageTC_002@76b1e9b8]" started-at="2024-01-27T12:04:02 IST" name="Home_page" finished-at="2024-01-27T12:04:05 IST" duration-ms="3694" status="PASS">
          <reporter-output>
          </reporter-output>
        </test-method> <!-- Home_page -->
        <test-method is-config="true" signature="tearDown(org.testng.ITestResult)[pri:0, instance:demoBanking.testCases.HomePageTC_002@76b1e9b8]" started-at="2024-01-27T12:04:05 IST" name="tearDown" finished-at="2024-01-27T12:04:08 IST" duration-ms="2848" status="PASS">
          <params>
            <param index="0">
              <value>
                <![CDATA[[TestResult name=Home_page status=SUCCESS method=HomePageTC_002.Home_page()[pri:0, instance:demoBanking.testCases.HomePageTC_002@76b1e9b8] output={null}]]]>
              </value>
            </param>
          </params>
          <reporter-output>
          </reporter-output>
        </test-method> <!-- tearDown -->
      </class> <!-- demoBanking.testCases.HomePageTC_002 -->
    </test> <!-- Chrome -->
  </suite> <!-- SanitySuite -->
</testng-results>
