<?xml version="1.0" encoding="UTF-8"?>
<!-- Generated by org.testng.reporters.JUnitXMLReporter -->
<testsuite ignored="4" hostname="DESKTOP-PPERJRJ" failures="0" tests="3" name="Chrome" time="46.925" errors="0" timestamp="2024-01-27T12:04:09 IST">
  <testcase classname="demoBanking.testCases.LoginTC_001" name="Login_page" time="5.021"/>
  <testcase classname="demoBanking.testCases.LoginTC_001" name="dummy" time="2.192"/>
  <testcase classname="demoBanking.testCases.HomePageTC_002" name="Home_page" time="3.694"/>
  <testcase classname="demoBanking.testCases.BaseClass" name="@BeforeSuite initialize" time="0.0">
    <ignored/>
  </testcase> <!-- @BeforeSuite initialize -->
  <testcase classname="demoBanking.testCases.BaseClass" name="@AfterTest testComplete" time="0.0">
    <ignored/>
  </testcase> <!-- @AfterTest testComplete -->
  <testcase classname="demoBanking.testCases.BaseClass" name="@BeforeTest setup" time="0.0">
    <ignored/>
  </testcase> <!-- @BeforeTest setup -->
  <testcase classname="demoBanking.testCases.BaseClass" name="@AfterSuite suiteComplete" time="0.0">
    <ignored/>
  </testcase> <!-- @AfterSuite suiteComplete -->
</testsuite> <!-- Chrome -->
