<?xml version="1.0" encoding="UTF-8"?>
<testng-results ignored="3" total="6" passed="2" failed="1" skipped="0">
  <reporter-output>
  </reporter-output>
  <suite started-at="2024-01-27T13:05:47 IST" name="SanitySuite" finished-at="2024-01-27T13:06:55 IST" duration-ms="68144">
    <groups>
    </groups>
    <test started-at="2024-01-27T13:05:47 IST" name="Chrome" finished-at="2024-01-27T13:06:55 IST" duration-ms="68144">
      <class name="demoBanking.testCases.LoginTC_001">
        <test-method is-config="true" signature="initialize()[pri:0, instance:demoBanking.testCases.LoginTC_001@a3d8174]" started-at="2024-01-27T13:05:46 IST" name="initialize" finished-at="2024-01-27T13:05:47 IST" duration-ms="473" status="PASS">
          <reporter-output>
          </reporter-output>
        </test-method> <!-- initialize -->
        <test-method is-config="true" signature="methodSetup(java.lang.String, java.lang.reflect.Method)[pri:0, instance:demoBanking.testCases.LoginTC_001@a3d8174]" started-at="2024-01-27T13:05:47 IST" name="methodSetup" finished-at="2024-01-27T13:06:14 IST" duration-ms="27896" status="PASS">
          <params>
            <param index="0">
              <value>
                <![CDATA[Chrome]]>
              </value>
            </param>
            <param index="1">
              <value>
                <![CDATA[public void demoBanking.testCases.LoginTC_001.Login_page()]]>
              </value>
            </param>
          </params>
          <reporter-output>
          </reporter-output>
        </test-method> <!-- methodSetup -->
        <test-method signature="Login_page()[pri:0, instance:demoBanking.testCases.LoginTC_001@a3d8174]" started-at="2024-01-27T13:06:14 IST" name="Login_page" finished-at="2024-01-27T13:06:18 IST" duration-ms="3999" status="FAIL">
          <exception class="java.lang.AssertionError">
            <message>
              <![CDATA[did not expect to find [true] but found [false]]]>
            </message>
            <full-stacktrace>
              <![CDATA[java.lang.AssertionError: did not expect to find [true] but found [false]
at org.testng.Assert.fail(Assert.java:97)
at org.testng.Assert.failNotEquals(Assert.java:969)
at org.testng.Assert.assertTrue(Assert.java:43)
at org.testng.Assert.assertTrue(Assert.java:53)
at demoBanking.testCases.LoginTC_001.Login_page(LoginTC_001.java:26)
at java.base/jdk.internal.reflect.NativeMethodAccessorImpl.invoke0(Native Method)
at java.base/jdk.internal.reflect.NativeMethodAccessorImpl.invoke(NativeMethodAccessorImpl.java:62)
at java.base/jdk.internal.reflect.DelegatingMethodAccessorImpl.invoke(DelegatingMethodAccessorImpl.java:43)
at java.base/java.lang.reflect.Method.invoke(Method.java:566)
at org.testng.internal.MethodInvocationHelper.invokeMethod(MethodInvocationHelper.java:133)
at org.testng.internal.TestInvoker.invokeMethod(TestInvoker.java:584)
at org.testng.internal.TestInvoker.invokeTestMethod(TestInvoker.java:172)
at org.testng.internal.MethodRunner.runInSequence(MethodRunner.java:46)
at org.testng.internal.TestInvoker$MethodInvocationAgent.invoke(TestInvoker.java:804)
at org.testng.internal.TestInvoker.invokeTestMethods(TestInvoker.java:145)
at org.testng.internal.TestMethodWorker.invokeTestMethods(TestMethodWorker.java:146)
at org.testng.internal.TestMethodWorker.run(TestMethodWorker.java:128)
at java.base/java.util.ArrayList.forEach(ArrayList.java:1541)
at org.testng.TestRunner.privateRun(TestRunner.java:770)
at org.testng.TestRunner.run(TestRunner.java:591)
at org.testng.SuiteRunner.runTest(SuiteRunner.java:402)
at org.testng.SuiteRunner.runSequentially(SuiteRunner.java:396)
at org.testng.SuiteRunner.privateRun(SuiteRunner.java:355)
at org.testng.SuiteRunner.run(SuiteRunner.java:304)
at org.testng.SuiteRunnerWorker.runSuite(SuiteRunnerWorker.java:53)
at org.testng.SuiteRunnerWorker.run(SuiteRunnerWorker.java:96)
at org.testng.TestNG.runSuitesSequentially(TestNG.java:1180)
at org.testng.TestNG.runSuitesLocally(TestNG.java:1102)
at org.testng.TestNG.runSuites(TestNG.java:1032)
at org.testng.TestNG.run(TestNG.java:1000)
at org.testng.remote.AbstractRemoteTestNG.run(AbstractRemoteTestNG.java:115)
at org.testng.remote.RemoteTestNG.initAndRun(RemoteTestNG.java:251)
at org.testng.remote.RemoteTestNG.main(RemoteTestNG.java:77)
]]>
            </full-stacktrace>
          </exception> <!-- java.lang.AssertionError -->
          <reporter-output>
          </reporter-output>
        </test-method> <!-- Login_page -->
        <test-method is-config="true" signature="tearDown(org.testng.ITestResult)[pri:0, instance:demoBanking.testCases.LoginTC_001@a3d8174]" started-at="2024-01-27T13:06:18 IST" name="tearDown" finished-at="2024-01-27T13:06:22 IST" duration-ms="3528" status="PASS">
          <params>
            <param index="0">
              <value>
                <![CDATA[[TestResult name=Login_page status=FAILURE method=LoginTC_001.Login_page()[pri:0, instance:demoBanking.testCases.LoginTC_001@a3d8174] output={null}]]]>
              </value>
            </param>
          </params>
          <reporter-output>
          </reporter-output>
        </test-method> <!-- tearDown -->
        <test-method is-config="true" signature="methodSetup(java.lang.String, java.lang.reflect.Method)[pri:0, instance:demoBanking.testCases.LoginTC_001@a3d8174]" started-at="2024-01-27T13:06:22 IST" name="methodSetup" finished-at="2024-01-27T13:06:38 IST" duration-ms="15689" status="PASS">
          <params>
            <param index="0">
              <value>
                <![CDATA[Chrome]]>
              </value>
            </param>
            <param index="1">
              <value>
                <![CDATA[public void demoBanking.testCases.LoginTC_001.dummy()]]>
              </value>
            </param>
          </params>
          <reporter-output>
          </reporter-output>
        </test-method> <!-- methodSetup -->
        <test-method signature="dummy()[pri:0, instance:demoBanking.testCases.LoginTC_001@a3d8174]" started-at="2024-01-27T13:06:38 IST" name="dummy" finished-at="2024-01-27T13:06:38 IST" duration-ms="2" status="PASS">
          <reporter-output>
          </reporter-output>
        </test-method> <!-- dummy -->
        <test-method is-config="true" signature="tearDown(org.testng.ITestResult)[pri:0, instance:demoBanking.testCases.LoginTC_001@a3d8174]" started-at="2024-01-27T13:06:38 IST" name="tearDown" finished-at="2024-01-27T13:06:41 IST" duration-ms="3077" status="PASS">
          <params>
            <param index="0">
              <value>
                <![CDATA[[TestResult name=dummy status=SUCCESS method=LoginTC_001.dummy()[pri:0, instance:demoBanking.testCases.LoginTC_001@a3d8174] output={null}]]]>
              </value>
            </param>
          </params>
          <reporter-output>
          </reporter-output>
        </test-method> <!-- tearDown -->
        <test-method is-config="true" signature="testComplete()[pri:0, instance:demoBanking.testCases.LoginTC_001@a3d8174]" started-at="2024-01-27T13:06:55 IST" name="testComplete" finished-at="2024-01-27T13:06:55 IST" duration-ms="127" status="PASS">
          <reporter-output>
          </reporter-output>
        </test-method> <!-- testComplete -->
        <test-method is-config="true" signature="suiteComplete()[pri:0, instance:demoBanking.testCases.LoginTC_001@a3d8174]" started-at="2024-01-27T13:06:55 IST" name="suiteComplete" finished-at="2024-01-27T13:06:55 IST" duration-ms="581" status="PASS">
          <reporter-output>
          </reporter-output>
        </test-method> <!-- suiteComplete -->
      </class> <!-- demoBanking.testCases.LoginTC_001 -->
      <class name="demoBanking.testCases.HomePageTC_002">
        <test-method is-config="true" signature="methodSetup(java.lang.String, java.lang.reflect.Method)[pri:0, instance:demoBanking.testCases.HomePageTC_002@1ba9117e]" started-at="2024-01-27T13:06:41 IST" name="methodSetup" finished-at="2024-01-27T13:06:48 IST" duration-ms="7096" status="PASS">
          <params>
            <param index="0">
              <value>
                <![CDATA[Chrome]]>
              </value>
            </param>
            <param index="1">
              <value>
                <![CDATA[public void demoBanking.testCases.HomePageTC_002.Home_page()]]>
              </value>
            </param>
          </params>
          <reporter-output>
          </reporter-output>
        </test-method> <!-- methodSetup -->
        <test-method signature="Home_page()[pri:0, instance:demoBanking.testCases.HomePageTC_002@1ba9117e]" started-at="2024-01-27T13:06:48 IST" name="Home_page" finished-at="2024-01-27T13:06:51 IST" duration-ms="3473" status="PASS">
          <reporter-output>
          </reporter-output>
        </test-method> <!-- Home_page -->
        <test-method is-config="true" signature="tearDown(org.testng.ITestResult)[pri:0, instance:demoBanking.testCases.HomePageTC_002@1ba9117e]" started-at="2024-01-27T13:06:51 IST" name="tearDown" finished-at="2024-01-27T13:06:55 IST" duration-ms="3190" status="PASS">
          <params>
            <param index="0">
              <value>
                <![CDATA[[TestResult name=Home_page status=SUCCESS method=HomePageTC_002.Home_page()[pri:0, instance:demoBanking.testCases.HomePageTC_002@1ba9117e] output={null}]]]>
              </value>
            </param>
          </params>
          <reporter-output>
          </reporter-output>
        </test-method> <!-- tearDown -->
      </class> <!-- demoBanking.testCases.HomePageTC_002 -->
    </test> <!-- Chrome -->
  </suite> <!-- SanitySuite -->
</testng-results>
