<?xml version="1.0" encoding="UTF-8"?>
<!-- Generated by org.testng.reporters.JUnitXMLReporter -->
<testsuite ignored="0" hostname="DESKTOP-PPERJRJ" failures="1" tests="2" name="Chrome" time="38.854" errors="0" timestamp="2024-01-21T19:45:16 IST">
  <testcase classname="demoBanking.testCases.LoginTC_001" name="Login_page" time="2.285">
    <failure type="java.lang.AssertionError" message="did not expect to find [true] but found [false]">
      <![CDATA[java.lang.AssertionError: did not expect to find [true] but found [false]
at demoBanking.testCases.LoginTC_001.Login_page(LoginTC_001.java:23)
at java.base/java.util.ArrayList.forEach(ArrayList.java:1541)
... Removed 31 stack frames]]>
    </failure>
  </testcase> <!-- Login_page -->
  <testcase classname="demoBanking.testCases.HomePageTC_002" name="Home_page" time="9.957"/>
</testsuite> <!-- Chrome -->
